{"/home/shoug/Documents/CS392Workshop2Group13/FastTextResult.js": {"path":"/home/shoug/Documents/CS392Workshop2Group13/FastTextResult.js","statementMap":{"0":{"start":{"line":2,"column":15},"end":{"line":2,"column":39}},"1":{"start":{"line":6,"column":1},"end":{"line":16,"column":4}},"2":{"start":{"line":11,"column":4},"end":{"line":14,"column":5}},"3":{"start":{"line":12,"column":3},"end":{"line":12,"column":21}},"4":{"start":{"line":13,"column":3},"end":{"line":13,"column":10}},"5":{"start":{"line":15,"column":4},"end":{"line":15,"column":24}},"6":{"start":{"line":17,"column":1},"end":{"line":17,"column":19}},"7":{"start":{"line":20,"column":0},"end":{"line":20,"column":36}}},"fnMap":{"0":{"name":"getFastTextResults","decl":{"start":{"line":4,"column":9},"end":{"line":4,"column":27}},"loc":{"start":{"line":4,"column":39},"end":{"line":18,"column":1}},"line":4},"1":{"name":"(anonymous_1)","decl":{"start":{"line":9,"column":2},"end":{"line":9,"column":3}},"loc":{"start":{"line":9,"column":28},"end":{"line":16,"column":3}},"line":9}},"branchMap":{"0":{"loc":{"start":{"line":11,"column":4},"end":{"line":14,"column":5}},"type":"if","locations":[{"start":{"line":11,"column":4},"end":{"line":14,"column":5}},{"start":{},"end":{}}],"line":11}},"s":{"0":1,"1":1,"2":1,"3":0,"4":0,"5":1,"6":1,"7":1},"f":{"0":1,"1":1},"b":{"0":[0,1]},"_coverageSchema":"1a1c01bbd47fc00a2c39e90264f33305004495a9","hash":"6e631d0f4c0a79c85d5381daa8a976b18a901ea4"}
}
